<?xml version="1.0" encoding="UTF-8"?>
<!-- Generated by org.testng.reporters.JUnitReportReporter -->
<testsuite hostname="LAPTOP-I4NIJFCH" failures="0" tests="1" name="mavenFirst.VerifyGoogleTest" time="6.770" errors="0" timestamp="2022-01-12T18:15:33 IST" skipped="0">
  <testcase classname="mavenFirst.VerifyGoogleTest" name="checklogo" time="6.770"/>
  <system-out/>
</testsuite> <!-- mavenFirst.VerifyGoogleTest -->
