<?xml version="1.0" encoding="UTF-8"?>
<!-- Generated by org.testng.reporters.JUnitReportReporter -->
<testsuite hostname="LAPTOP-I4NIJFCH" failures="0" tests="2" name="mavenFirst.VerifyGoogleTest" time="13.506" errors="0" timestamp="2022-01-11T15:14:53 IST" skipped="0">
  <testcase classname="mavenFirst.VerifyGoogleTest" name="checkTitle" time="8.238"/>
  <system-out/>
  <testcase classname="mavenFirst.VerifyGoogleTest" name="checklogo" time="5.268"/>
  <system-out/>
</testsuite> <!-- mavenFirst.VerifyGoogleTest -->
