<?xml version="1.0" encoding="UTF-8"?>
<!-- Generated by org.testng.reporters.JUnitReportReporter -->
<testsuite hostname="LAPTOP-I4NIJFCH" failures="0" tests="2" name="mavenFirst.VerifyGoogleTest" time="13.551" errors="0" timestamp="2022-01-11T15:39:05 IST" skipped="0">
  <testcase classname="mavenFirst.VerifyGoogleTest" name="checkTitle" time="5.368"/>
  <system-out/>
  <testcase classname="mavenFirst.VerifyGoogleTest" name="checklogo" time="8.183"/>
  <system-out/>
</testsuite> <!-- mavenFirst.VerifyGoogleTest -->
