<?xml version="1.0" encoding="UTF-8"?>
<!-- Generated by org.testng.reporters.JUnitReportReporter -->
<testsuite hostname="LAPTOP-I4NIJFCH" failures="0" tests="2" name="mavenFirst.VerifyGoogleTest" time="10.670" errors="0" timestamp="2022-01-12T17:40:07 IST" skipped="0">
  <testcase classname="mavenFirst.VerifyGoogleTest" name="checkTitle" time="4.686"/>
  <system-out/>
  <testcase classname="mavenFirst.VerifyGoogleTest" name="checklogo" time="5.984"/>
  <system-out/>
</testsuite> <!-- mavenFirst.VerifyGoogleTest -->
