<?xml version="1.0" encoding="UTF-8"?>
<!-- Generated by org.testng.reporters.JUnitReportReporter -->
<testsuite hostname="LAPTOP-I4NIJFCH" failures="0" tests="2" name="mavenFirst.VerifyGoogleTest" time="11.791" errors="0" timestamp="2022-01-11T19:40:08 IST" skipped="0">
  <testcase classname="mavenFirst.VerifyGoogleTest" name="checkTitle" time="4.742"/>
  <system-out/>
  <testcase classname="mavenFirst.VerifyGoogleTest" name="checklogo" time="7.049"/>
  <system-out/>
</testsuite> <!-- mavenFirst.VerifyGoogleTest -->
